<?xml version="1.0" encoding="UTF-8"?>
<!-- Generated by org.testng.reporters.JUnitReportReporter -->
<testsuite hostname="SE_MEL_DEV06" failures="0" tests="1" name="com.vishalMaven.mavenSetupForVishal.TestNG_TestSuite" time="0.255" errors="0" timestamp="2021-09-16T22:55:52 AEST" skipped="0">
  <testcase classname="com.vishalMaven.mavenSetupForVishal.TestNG_TestSuite" name="fillBasicInfo" time="0.255"/>
  <system-out/>
</testsuite> <!-- com.vishalMaven.mavenSetupForVishal.TestNG_TestSuite -->
