<?xml version="1.0" encoding="UTF-8"?>
<!-- Generated by org.testng.reporters.JUnitReportReporter -->
<testsuite hostname="SE_MEL_DEV06" failures="0" tests="4" name="com.vishalMaven.mavenSetupForVishal.TestNG_Grouping" time="0.008" errors="0" timestamp="2021-09-18T21:20:02 AEST" skipped="0">
  <testcase classname="com.vishalMaven.mavenSetupForVishal.TestNG_Grouping" name="AudiA6" time="0.004"/>
  <system-out/>
  <testcase classname="com.vishalMaven.mavenSetupForVishal.TestNG_Grouping" name="BMW3Series" time="0.002"/>
  <system-out/>
  <testcase classname="com.vishalMaven.mavenSetupForVishal.TestNG_Grouping" name="BMWX3" time="0.001"/>
  <system-out/>
  <testcase classname="com.vishalMaven.mavenSetupForVishal.TestNG_Grouping" name="HondaAccord" time="0.001"/>
  <system-out/>
</testsuite> <!-- com.vishalMaven.mavenSetupForVishal.TestNG_Grouping -->
